<?xml version="1.0" encoding="UTF-8"?>
<testng-results ignored="0" total="5" passed="4" failed="1" skipped="0">
  <reporter-output>
    <line>
      <![CDATA[----DataBase connection Established---]]>
    </line>
    <line>
      <![CDATA[Browser got lunch successfully]]>
    </line>
    <line>
      <![CDATA[-------Navigate to vtiger Home Page Successfully---]]>
    </line>
    <line>
      <![CDATA[---Successfully log out]]>
    </line>
    <line>
      <![CDATA[---close the browser Sucessfully]]>
    </line>
    <line>
      <![CDATA[Browser got lunch successfully]]>
    </line>
    <line>
      <![CDATA[-------Navigate to vtiger Home Page Successfully---]]>
    </line>
    <line>
      <![CDATA[-------------passed]]>
    </line>
    <line>
      <![CDATA[---Successfully log out]]>
    </line>
    <line>
      <![CDATA[---close the browser Sucessfully]]>
    </line>
    <line>
      <![CDATA[Browser got lunch successfully]]>
    </line>
    <line>
      <![CDATA[-------Navigate to vtiger Home Page Successfully---]]>
    </line>
    <line>
      <![CDATA[infosys728-----------passed]]>
    </line>
    <line>
      <![CDATA[---Successfully log out]]>
    </line>
    <line>
      <![CDATA[---close the browser Sucessfully]]>
    </line>
    <line>
      <![CDATA[Browser got lunch successfully]]>
    </line>
    <line>
      <![CDATA[-------Navigate to vtiger Home Page Successfully---]]>
    </line>
    <line>
      <![CDATA[[ CON50 ] rameeja - Contact Information----------passed]]>
    </line>
    <line>
      <![CDATA[---Successfully log out]]>
    </line>
    <line>
      <![CDATA[---close the browser Sucessfully]]>
    </line>
    <line>
      <![CDATA[Browser got lunch successfully]]>
    </line>
    <line>
      <![CDATA[-------Navigate to vtiger Home Page Successfully---]]>
    </line>
    <line>
      <![CDATA[[ ACC28 ] infosys419 - Organization Information----------passed]]>
    </line>
    <line>
      <![CDATA[---Successfully log out]]>
    </line>
    <line>
      <![CDATA[---close the browser Sucessfully]]>
    </line>
    <line>
      <![CDATA[---disconnect the database Sucessfully]]>
    </line>
  </reporter-output>
  <suite started-at="2025-02-10T11:26:45 IST" name="Suite" finished-at="2025-02-10T11:30:41 IST" duration-ms="235992">
    <groups>
      <group name="regression">
        <method signature="ToCreateOrgTest.toCreateOrg_002()[pri:0, instance:OrganizationTest.ToCreateOrgTest@59402b8f]" name="toCreateOrg_002" class="OrganizationTest.ToCreateOrgTest"/>
        <method signature="ToCreateOrgWithChemicalDropDown.toCreateOrg_003()[pri:0, instance:OrganizationTest.ToCreateOrgWithChemicalDropDown@496bc455]" name="toCreateOrg_003" class="OrganizationTest.ToCreateOrgWithChemicalDropDown"/>
        <method signature="ToCreateOrgWithTypeDropDwon.toCreateOrg_004()[pri:0, instance:OrganizationTest.ToCreateOrgWithTypeDropDwon@6be968ce]" name="toCreateOrg_004" class="OrganizationTest.ToCreateOrgWithTypeDropDwon"/>
      </group> <!-- regression -->
      <group name="smoke">
        <method signature="ToCreateContactTest.toCreateContact_001()[pri:0, instance:ContactTest.ToCreateContactTest@3e08ff24]" name="toCreateContact_001" class="ContactTest.ToCreateContactTest"/>
        <method signature="ToCreateContactWithOrgTest.toCreateContact_005()[pri:0, instance:ContactTest.ToCreateContactWithOrgTest@7188af83]" name="toCreateContact_005" class="ContactTest.ToCreateContactWithOrgTest"/>
      </group> <!-- smoke -->
    </groups>
    <test started-at="2025-02-10T11:26:45 IST" name="Test" finished-at="2025-02-10T11:30:41 IST" duration-ms="235992">
      <class name="OrganizationTest.ToCreateOrgTest">
        <test-method is-config="true" signature="bcConfig()[pri:0, instance:OrganizationTest.ToCreateOrgTest@59402b8f]" started-at="2025-02-10T11:28:18 IST" name="bcConfig" finished-at="2025-02-10T11:28:25 IST" duration-ms="7597" status="PASS">
          <reporter-output>
            <line>
              <![CDATA[Browser got lunch successfully]]>
            </line>
          </reporter-output>
        </test-method> <!-- bcConfig -->
        <test-method is-config="true" signature="bmConfig()[pri:0, instance:OrganizationTest.ToCreateOrgTest@59402b8f]" started-at="2025-02-10T11:28:25 IST" name="bmConfig" finished-at="2025-02-10T11:28:31 IST" duration-ms="5452" status="PASS">
          <reporter-output>
            <line>
              <![CDATA[-------Navigate to vtiger Home Page Successfully---]]>
            </line>
          </reporter-output>
        </test-method> <!-- bmConfig -->
        <test-method signature="toCreateOrg_002()[pri:0, instance:OrganizationTest.ToCreateOrgTest@59402b8f]" started-at="2025-02-10T11:28:31 IST" name="toCreateOrg_002" finished-at="2025-02-10T11:29:03 IST" duration-ms="32731" status="PASS">
          <reporter-output>
            <line>
              <![CDATA[infosys728-----------passed]]>
            </line>
          </reporter-output>
        </test-method> <!-- toCreateOrg_002 -->
        <test-method is-config="true" signature="amConfig()[pri:0, instance:OrganizationTest.ToCreateOrgTest@59402b8f]" started-at="2025-02-10T11:29:03 IST" name="amConfig" finished-at="2025-02-10T11:29:04 IST" duration-ms="305" status="PASS">
          <reporter-output>
            <line>
              <![CDATA[---Successfully log out]]>
            </line>
          </reporter-output>
        </test-method> <!-- amConfig -->
        <test-method is-config="true" signature="acConfig()[pri:0, instance:OrganizationTest.ToCreateOrgTest@59402b8f]" started-at="2025-02-10T11:29:04 IST" name="acConfig" finished-at="2025-02-10T11:29:04 IST" duration-ms="644" status="PASS">
          <reporter-output>
            <line>
              <![CDATA[---close the browser Sucessfully]]>
            </line>
          </reporter-output>
        </test-method> <!-- acConfig -->
      </class> <!-- OrganizationTest.ToCreateOrgTest -->
      <class name="OrganizationTest.ToCreateOrgWithChemicalDropDown">
        <test-method is-config="true" signature="bcConfig()[pri:0, instance:OrganizationTest.ToCreateOrgWithChemicalDropDown@496bc455]" started-at="2025-02-10T11:27:39 IST" name="bcConfig" finished-at="2025-02-10T11:27:46 IST" duration-ms="7340" status="PASS">
          <reporter-output>
            <line>
              <![CDATA[Browser got lunch successfully]]>
            </line>
          </reporter-output>
        </test-method> <!-- bcConfig -->
        <test-method is-config="true" signature="bmConfig()[pri:0, instance:OrganizationTest.ToCreateOrgWithChemicalDropDown@496bc455]" started-at="2025-02-10T11:27:46 IST" name="bmConfig" finished-at="2025-02-10T11:27:51 IST" duration-ms="5455" status="PASS">
          <reporter-output>
            <line>
              <![CDATA[-------Navigate to vtiger Home Page Successfully---]]>
            </line>
          </reporter-output>
        </test-method> <!-- bmConfig -->
        <test-method signature="toCreateOrg_003()[pri:0, instance:OrganizationTest.ToCreateOrgWithChemicalDropDown@496bc455]" started-at="2025-02-10T11:27:51 IST" name="toCreateOrg_003" finished-at="2025-02-10T11:28:17 IST" duration-ms="25419" status="PASS">
          <reporter-output>
            <line>
              <![CDATA[-------------passed]]>
            </line>
          </reporter-output>
        </test-method> <!-- toCreateOrg_003 -->
        <test-method is-config="true" signature="amConfig()[pri:0, instance:OrganizationTest.ToCreateOrgWithChemicalDropDown@496bc455]" started-at="2025-02-10T11:28:17 IST" name="amConfig" finished-at="2025-02-10T11:28:17 IST" duration-ms="195" status="PASS">
          <reporter-output>
            <line>
              <![CDATA[---Successfully log out]]>
            </line>
          </reporter-output>
        </test-method> <!-- amConfig -->
        <test-method is-config="true" signature="acConfig()[pri:0, instance:OrganizationTest.ToCreateOrgWithChemicalDropDown@496bc455]" started-at="2025-02-10T11:28:17 IST" name="acConfig" finished-at="2025-02-10T11:28:18 IST" duration-ms="687" status="PASS">
          <reporter-output>
            <line>
              <![CDATA[---close the browser Sucessfully]]>
            </line>
          </reporter-output>
        </test-method> <!-- acConfig -->
      </class> <!-- OrganizationTest.ToCreateOrgWithChemicalDropDown -->
      <class name="ContactTest.ToCreateContactWithOrgTest">
        <test-method is-config="true" signature="bcConfig()[pri:0, instance:ContactTest.ToCreateContactWithOrgTest@7188af83]" started-at="2025-02-10T11:29:04 IST" name="bcConfig" finished-at="2025-02-10T11:29:17 IST" duration-ms="12836" status="PASS">
          <reporter-output>
            <line>
              <![CDATA[Browser got lunch successfully]]>
            </line>
          </reporter-output>
        </test-method> <!-- bcConfig -->
        <test-method is-config="true" signature="bmConfig()[pri:0, instance:ContactTest.ToCreateContactWithOrgTest@7188af83]" started-at="2025-02-10T11:29:17 IST" name="bmConfig" finished-at="2025-02-10T11:29:23 IST" duration-ms="5689" status="PASS">
          <reporter-output>
            <line>
              <![CDATA[-------Navigate to vtiger Home Page Successfully---]]>
            </line>
          </reporter-output>
        </test-method> <!-- bmConfig -->
        <test-method signature="toCreateContact_005()[pri:0, instance:ContactTest.ToCreateContactWithOrgTest@7188af83]" started-at="2025-02-10T11:29:23 IST" name="toCreateContact_005" finished-at="2025-02-10T11:29:58 IST" duration-ms="35597" status="PASS">
          <reporter-output>
            <line>
              <![CDATA[[ CON50 ] rameeja - Contact Information----------passed]]>
            </line>
          </reporter-output>
        </test-method> <!-- toCreateContact_005 -->
        <test-method is-config="true" signature="amConfig()[pri:0, instance:ContactTest.ToCreateContactWithOrgTest@7188af83]" started-at="2025-02-10T11:29:58 IST" name="amConfig" finished-at="2025-02-10T11:29:59 IST" duration-ms="166" status="PASS">
          <reporter-output>
            <line>
              <![CDATA[---Successfully log out]]>
            </line>
          </reporter-output>
        </test-method> <!-- amConfig -->
        <test-method is-config="true" signature="acConfig()[pri:0, instance:ContactTest.ToCreateContactWithOrgTest@7188af83]" started-at="2025-02-10T11:29:59 IST" name="acConfig" finished-at="2025-02-10T11:30:00 IST" duration-ms="956" status="PASS">
          <reporter-output>
            <line>
              <![CDATA[---close the browser Sucessfully]]>
            </line>
          </reporter-output>
        </test-method> <!-- acConfig -->
      </class> <!-- ContactTest.ToCreateContactWithOrgTest -->
      <class name="ContactTest.ToCreateContactTest">
        <test-method is-config="true" signature="bsConfig()[pri:0, instance:ContactTest.ToCreateContactTest@3e08ff24]" started-at="2025-02-10T11:26:45 IST" name="bsConfig" finished-at="2025-02-10T11:26:45 IST" duration-ms="25" status="PASS">
          <reporter-output>
            <line>
              <![CDATA[----DataBase connection Established---]]>
            </line>
          </reporter-output>
        </test-method> <!-- bsConfig -->
        <test-method is-config="true" signature="bcConfig()[pri:0, instance:ContactTest.ToCreateContactTest@3e08ff24]" started-at="2025-02-10T11:26:46 IST" name="bcConfig" finished-at="2025-02-10T11:27:06 IST" duration-ms="20386" status="PASS">
          <reporter-output>
            <line>
              <![CDATA[Browser got lunch successfully]]>
            </line>
          </reporter-output>
        </test-method> <!-- bcConfig -->
        <test-method is-config="true" signature="bmConfig()[pri:0, instance:ContactTest.ToCreateContactTest@3e08ff24]" started-at="2025-02-10T11:27:06 IST" name="bmConfig" finished-at="2025-02-10T11:27:12 IST" duration-ms="5790" status="PASS">
          <reporter-output>
            <line>
              <![CDATA[-------Navigate to vtiger Home Page Successfully---]]>
            </line>
          </reporter-output>
        </test-method> <!-- bmConfig -->
        <test-method signature="toCreateContact_001()[pri:0, instance:ContactTest.ToCreateContactTest@3e08ff24]" started-at="2025-02-10T11:27:12 IST" name="toCreateContact_001" finished-at="2025-02-10T11:27:37 IST" duration-ms="25618" status="FAIL">
          <exception class="java.lang.AssertionError">
            <message>
              <![CDATA[null]]>
            </message>
            <full-stacktrace>
              <![CDATA[java.lang.AssertionError: null
at org.testng.Assert.fail(Assert.java:111)
at org.testng.Assert.fail(Assert.java:116)
at ContactTest.ToCreateContactTest.toCreateContact_001(ToCreateContactTest.java:31)
at java.base/jdk.internal.reflect.NativeMethodAccessorImpl.invoke0(Native Method)
at java.base/jdk.internal.reflect.NativeMethodAccessorImpl.invoke(NativeMethodAccessorImpl.java:77)
at java.base/jdk.internal.reflect.DelegatingMethodAccessorImpl.invoke(DelegatingMethodAccessorImpl.java:43)
at java.base/java.lang.reflect.Method.invoke(Method.java:568)
at org.testng.internal.invokers.MethodInvocationHelper.invokeMethod(MethodInvocationHelper.java:141)
at org.testng.internal.invokers.TestInvoker.invokeMethod(TestInvoker.java:686)
at org.testng.internal.invokers.TestInvoker.invokeTestMethod(TestInvoker.java:230)
at org.testng.internal.invokers.MethodRunner.runInSequence(MethodRunner.java:63)
at org.testng.internal.invokers.TestInvoker$MethodInvocationAgent.invoke(TestInvoker.java:992)
at org.testng.internal.invokers.TestInvoker.invokeTestMethods(TestInvoker.java:203)
at org.testng.internal.invokers.TestMethodWorker.invokeTestMethods(TestMethodWorker.java:154)
at org.testng.internal.invokers.TestMethodWorker.run(TestMethodWorker.java:134)
at java.base/java.util.ArrayList.forEach(ArrayList.java:1511)
at org.testng.TestRunner.privateRun(TestRunner.java:739)
at org.testng.TestRunner.run(TestRunner.java:614)
at org.testng.SuiteRunner.runTest(SuiteRunner.java:421)
at org.testng.SuiteRunner.runSequentially(SuiteRunner.java:413)
at org.testng.SuiteRunner.privateRun(SuiteRunner.java:373)
at org.testng.SuiteRunner.run(SuiteRunner.java:312)
at org.testng.SuiteRunnerWorker.runSuite(SuiteRunnerWorker.java:52)
at org.testng.SuiteRunnerWorker.run(SuiteRunnerWorker.java:95)
at org.testng.TestNG.runSuitesSequentially(TestNG.java:1274)
at org.testng.TestNG.runSuitesLocally(TestNG.java:1208)
at org.testng.TestNG.runSuites(TestNG.java:1112)
at org.testng.TestNG.run(TestNG.java:1079)
at org.testng.remote.AbstractRemoteTestNG.run(AbstractRemoteTestNG.java:115)
at org.testng.remote.RemoteTestNG.initAndRun(RemoteTestNG.java:293)
at org.testng.remote.RemoteTestNG.main(RemoteTestNG.java:91)
]]>
            </full-stacktrace>
          </exception> <!-- java.lang.AssertionError -->
          <reporter-output>
          </reporter-output>
        </test-method> <!-- toCreateContact_001 -->
        <test-method is-config="true" signature="amConfig()[pri:0, instance:ContactTest.ToCreateContactTest@3e08ff24]" started-at="2025-02-10T11:27:38 IST" name="amConfig" finished-at="2025-02-10T11:27:38 IST" duration-ms="172" status="PASS">
          <reporter-output>
            <line>
              <![CDATA[---Successfully log out]]>
            </line>
          </reporter-output>
        </test-method> <!-- amConfig -->
        <test-method is-config="true" signature="acConfig()[pri:0, instance:ContactTest.ToCreateContactTest@3e08ff24]" started-at="2025-02-10T11:27:38 IST" name="acConfig" finished-at="2025-02-10T11:27:39 IST" duration-ms="617" status="PASS">
          <reporter-output>
            <line>
              <![CDATA[---close the browser Sucessfully]]>
            </line>
          </reporter-output>
        </test-method> <!-- acConfig -->
        <test-method is-config="true" signature="asConfig()[pri:0, instance:ContactTest.ToCreateContactTest@3e08ff24]" started-at="2025-02-10T11:30:45 IST" name="asConfig" finished-at="2025-02-10T11:30:45 IST" duration-ms="1" status="PASS">
          <reporter-output>
            <line>
              <![CDATA[---disconnect the database Sucessfully]]>
            </line>
          </reporter-output>
        </test-method> <!-- asConfig -->
      </class> <!-- ContactTest.ToCreateContactTest -->
      <class name="OrganizationTest.ToCreateOrgWithTypeDropDwon">
        <test-method is-config="true" signature="bcConfig()[pri:0, instance:OrganizationTest.ToCreateOrgWithTypeDropDwon@6be968ce]" started-at="2025-02-10T11:30:00 IST" name="bcConfig" finished-at="2025-02-10T11:30:09 IST" duration-ms="9054" status="PASS">
          <reporter-output>
            <line>
              <![CDATA[Browser got lunch successfully]]>
            </line>
          </reporter-output>
        </test-method> <!-- bcConfig -->
        <test-method is-config="true" signature="bmConfig()[pri:0, instance:OrganizationTest.ToCreateOrgWithTypeDropDwon@6be968ce]" started-at="2025-02-10T11:30:09 IST" name="bmConfig" finished-at="2025-02-10T11:30:15 IST" duration-ms="6096" status="PASS">
          <reporter-output>
            <line>
              <![CDATA[-------Navigate to vtiger Home Page Successfully---]]>
            </line>
          </reporter-output>
        </test-method> <!-- bmConfig -->
        <test-method signature="toCreateOrg_004()[pri:0, instance:OrganizationTest.ToCreateOrgWithTypeDropDwon@6be968ce]" started-at="2025-02-10T11:30:15 IST" name="toCreateOrg_004" finished-at="2025-02-10T11:30:40 IST" duration-ms="25580" status="PASS">
          <reporter-output>
            <line>
              <![CDATA[[ ACC28 ] infosys419 - Organization Information----------passed]]>
            </line>
          </reporter-output>
        </test-method> <!-- toCreateOrg_004 -->
        <test-method is-config="true" signature="amConfig()[pri:0, instance:OrganizationTest.ToCreateOrgWithTypeDropDwon@6be968ce]" started-at="2025-02-10T11:30:40 IST" name="amConfig" finished-at="2025-02-10T11:30:40 IST" duration-ms="162" status="PASS">
          <reporter-output>
            <line>
              <![CDATA[---Successfully log out]]>
            </line>
          </reporter-output>
        </test-method> <!-- amConfig -->
        <test-method is-config="true" signature="acConfig()[pri:0, instance:OrganizationTest.ToCreateOrgWithTypeDropDwon@6be968ce]" started-at="2025-02-10T11:30:40 IST" name="acConfig" finished-at="2025-02-10T11:30:41 IST" duration-ms="678" status="PASS">
          <reporter-output>
            <line>
              <![CDATA[---close the browser Sucessfully]]>
            </line>
          </reporter-output>
        </test-method> <!-- acConfig -->
      </class> <!-- OrganizationTest.ToCreateOrgWithTypeDropDwon -->
    </test> <!-- Test -->
  </suite> <!-- Suite -->
</testng-results>
