<?xml version="1.0" encoding="UTF-8"?>
<!-- Generated by org.testng.reporters.JUnitXMLReporter -->
<testsuite ignored="2" hostname="DESKTOP-N7B6AUI" failures="0" tests="2" name="Test2" time="94.004" errors="0" timestamp="2025-01-31T20:53:17 IST">
  <testcase classname="ContactTest.ToCreateContactWithOrgTest" name="toCreateContact_005" time="27.318"/>
  <testcase classname="OrganizationTest.ToCreateOrgWithTypeDropDwon" name="toCreateOrg_004" time="22.273"/>
  <testcase classname="GenericUtility.BaseClass" name="@AfterSuite asConfig" time="0.0">
    <ignored/>
  </testcase> <!-- @AfterSuite asConfig -->
  <testcase classname="GenericUtility.BaseClass" name="@BeforeSuite bsConfig" time="0.0">
    <ignored/>
  </testcase> <!-- @BeforeSuite bsConfig -->
</testsuite> <!-- Test2 -->
