<?xml version="1.0" encoding="UTF-8"?>
<!-- Generated by org.testng.reporters.JUnitXMLReporter -->
<testsuite ignored="4" hostname="DESKTOP-N7B6AUI" failures="0" tests="3" name="Test1" time="123.184" errors="0" timestamp="2025-01-31T20:53:46 IST">
  <testcase classname="ContactTest.ToCreateContactTest" name="toCreateContact_001" time="22.171"/>
  <testcase classname="OrganizationTest.ToCreateOrgWithChemicalDropDown" name="toCreateOrg_003" time="26.422"/>
  <testcase classname="OrganizationTest.ToCreateOrgTest" name="toCreateOrg_002" time="13.231"/>
  <testcase classname="GenericUtility.BaseClass" name="@AfterSuite asConfig" time="0.0">
    <ignored/>
  </testcase> <!-- @AfterSuite asConfig -->
  <testcase classname="GenericUtility.BaseClass" name="@BeforeSuite bsConfig" time="0.0">
    <ignored/>
  </testcase> <!-- @BeforeSuite bsConfig -->
  <testcase classname="GenericUtility.BaseClass" name="@BeforeSuite bsConfig" time="0.0">
    <ignored/>
  </testcase> <!-- @BeforeSuite bsConfig -->
  <testcase classname="GenericUtility.BaseClass" name="@AfterSuite asConfig" time="0.0">
    <ignored/>
  </testcase> <!-- @AfterSuite asConfig -->
</testsuite> <!-- Test1 -->
