<?xml version="1.0" encoding="UTF-8"?>
<!-- Generated by org.testng.reporters.JUnitReportReporter -->
<testsuite hostname="DESKTOP-N7B6AUI" failures="0" tests="1" name="OrganizationTest.ToCreateOrgTest" time="38.488" errors="0" timestamp="2025-02-10T11:30:46 IST" skipped="0">
  <testcase classname="OrganizationTest.ToCreateOrgTest" name="toCreateOrg_002" time="38.488">
    <system-out>
      <![CDATA[infosys728-----------passed]]>
    </system-out>
  </testcase> <!-- toCreateOrg_002 -->
  <system-out>
    <![CDATA[----DataBase connection Established---
Browser got lunch successfully
-------Navigate to vtiger Home Page Successfully---
---Successfully log out
---close the browser Sucessfully
Browser got lunch successfully
-------Navigate to vtiger Home Page Successfully---
-------------passed
---Successfully log out
---close the browser Sucessfully
Browser got lunch successfully
-------Navigate to vtiger Home Page Successfully---
infosys728-----------passed
---Successfully log out
---close the browser Sucessfully
Browser got lunch successfully
-------Navigate to vtiger Home Page Successfully---
[ CON50 ] rameeja - Contact Information----------passed
---Successfully log out
---close the browser Sucessfully
Browser got lunch successfully
-------Navigate to vtiger Home Page Successfully---
[ ACC28 ] infosys419 - Organization Information----------passed
---Successfully log out
---close the browser Sucessfully
---disconnect the database Sucessfully]]>
  </system-out>
</testsuite> <!-- OrganizationTest.ToCreateOrgTest -->
