<?xml version="1.0" encoding="UTF-8"?>
<!-- Generated by org.testng.reporters.JUnitReportReporter -->
<testsuite hostname="DESKTOP-N7B6AUI" failures="0" tests="1" name="ContactTest.ToCreateContactWithOrgTest" time="41.452" errors="0" timestamp="2025-02-10T11:30:46 IST" skipped="0">
  <testcase classname="ContactTest.ToCreateContactWithOrgTest" name="toCreateContact_005" time="41.452">
    <system-out>
      <![CDATA[[ CON50 ] rameeja - Contact Information----------passed]]>
    </system-out>
  </testcase> <!-- toCreateContact_005 -->
  <system-out>
    <![CDATA[----DataBase connection Established---
Browser got lunch successfully
-------Navigate to vtiger Home Page Successfully---
---Successfully log out
---close the browser Sucessfully
Browser got lunch successfully
-------Navigate to vtiger Home Page Successfully---
-------------passed
---Successfully log out
---close the browser Sucessfully
Browser got lunch successfully
-------Navigate to vtiger Home Page Successfully---
infosys728-----------passed
---Successfully log out
---close the browser Sucessfully
Browser got lunch successfully
-------Navigate to vtiger Home Page Successfully---
[ CON50 ] rameeja - Contact Information----------passed
---Successfully log out
---close the browser Sucessfully
Browser got lunch successfully
-------Navigate to vtiger Home Page Successfully---
[ ACC28 ] infosys419 - Organization Information----------passed
---Successfully log out
---close the browser Sucessfully
---disconnect the database Sucessfully]]>
  </system-out>
</testsuite> <!-- ContactTest.ToCreateContactWithOrgTest -->
