<?xml version="1.0" encoding="UTF-8"?>
<!-- Generated by org.testng.reporters.JUnitReportReporter -->
<testsuite hostname="DESKTOP-N7B6AUI" failures="1" tests="1" name="ContactTest.ToCreateContactTest" time="31.580" errors="0" timestamp="2025-02-10T11:30:46 IST" skipped="0">
  <testcase classname="ContactTest.ToCreateContactTest" name="toCreateContact_001" time="31.580">
    <failure message="null" type="java.lang.AssertionError">
      <![CDATA[java.lang.AssertionError: null
at org.testng.Assert.fail(Assert.java:111)
at org.testng.Assert.fail(Assert.java:116)
at ContactTest.ToCreateContactTest.toCreateContact_001(ToCreateContactTest.java:31)
at java.base/jdk.internal.reflect.NativeMethodAccessorImpl.invoke0(Native Method)
at java.base/jdk.internal.reflect.NativeMethodAccessorImpl.invoke(NativeMethodAccessorImpl.java:77)
at java.base/jdk.internal.reflect.DelegatingMethodAccessorImpl.invoke(DelegatingMethodAccessorImpl.java:43)
at java.base/java.lang.reflect.Method.invoke(Method.java:568)
at org.testng.internal.invokers.MethodInvocationHelper.invokeMethod(MethodInvocationHelper.java:141)
at org.testng.internal.invokers.TestInvoker.invokeMethod(TestInvoker.java:686)
at org.testng.internal.invokers.TestInvoker.invokeTestMethod(TestInvoker.java:230)
at org.testng.internal.invokers.MethodRunner.runInSequence(MethodRunner.java:63)
at org.testng.internal.invokers.TestInvoker$MethodInvocationAgent.invoke(TestInvoker.java:992)
at org.testng.internal.invokers.TestInvoker.invokeTestMethods(TestInvoker.java:203)
at org.testng.internal.invokers.TestMethodWorker.invokeTestMethods(TestMethodWorker.java:154)
at org.testng.internal.invokers.TestMethodWorker.run(TestMethodWorker.java:134)
at java.base/java.util.ArrayList.forEach(ArrayList.java:1511)
at org.testng.TestRunner.privateRun(TestRunner.java:739)
at org.testng.TestRunner.run(TestRunner.java:614)
at org.testng.SuiteRunner.runTest(SuiteRunner.java:421)
at org.testng.SuiteRunner.runSequentially(SuiteRunner.java:413)
at org.testng.SuiteRunner.privateRun(SuiteRunner.java:373)
at org.testng.SuiteRunner.run(SuiteRunner.java:312)
at org.testng.SuiteRunnerWorker.runSuite(SuiteRunnerWorker.java:52)
at org.testng.SuiteRunnerWorker.run(SuiteRunnerWorker.java:95)
at org.testng.TestNG.runSuitesSequentially(TestNG.java:1274)
at org.testng.TestNG.runSuitesLocally(TestNG.java:1208)
at org.testng.TestNG.runSuites(TestNG.java:1112)
at org.testng.TestNG.run(TestNG.java:1079)
at org.testng.remote.AbstractRemoteTestNG.run(AbstractRemoteTestNG.java:115)
at org.testng.remote.RemoteTestNG.initAndRun(RemoteTestNG.java:293)
at org.testng.remote.RemoteTestNG.main(RemoteTestNG.java:91)
]]>
    </failure>
  </testcase> <!-- toCreateContact_001 -->
  <system-out>
    <![CDATA[----DataBase connection Established---
Browser got lunch successfully
-------Navigate to vtiger Home Page Successfully---
---Successfully log out
---close the browser Sucessfully
Browser got lunch successfully
-------Navigate to vtiger Home Page Successfully---
-------------passed
---Successfully log out
---close the browser Sucessfully
Browser got lunch successfully
-------Navigate to vtiger Home Page Successfully---
infosys728-----------passed
---Successfully log out
---close the browser Sucessfully
Browser got lunch successfully
-------Navigate to vtiger Home Page Successfully---
[ CON50 ] rameeja - Contact Information----------passed
---Successfully log out
---close the browser Sucessfully
Browser got lunch successfully
-------Navigate to vtiger Home Page Successfully---
[ ACC28 ] infosys419 - Organization Information----------passed
---Successfully log out
---close the browser Sucessfully
---disconnect the database Sucessfully]]>
  </system-out>
</testsuite> <!-- ContactTest.ToCreateContactTest -->
